<?xml version="1.0" encoding="UTF-8"?>
<testsuite name="CalculatorJGivenTest" tests="2" skipped="0" failures="0" errors="0" timestamp="2023-03-24T09:07:08" hostname="FDG-K4MDJDW7M5" time="0.865">
  <properties/>
  <testcase name="testAdditionCalculation()" classname="CalculatorJGivenTest" time="0.855"/>
  <testcase name="testSubtractionCalculation()" classname="CalculatorJGivenTest" time="0.007"/>
  <system-out><![CDATA[
Test Class: CalculatorJGivenTest

 Test addition calculation

   Given a user intialised calculator
    When user enters numbers to add 1 1
    Then calculator result is 2


 Test subtraction calculation

   Given a user intialised calculator
    When user enters numbers to subtract 1 1
    Then calculator result is 0

]]></system-out>
  <system-err><![CDATA[SLF4J: Failed to load class "org.slf4j.impl.StaticLoggerBinder".
SLF4J: Defaulting to no-operation (NOP) logger implementation
SLF4J: See http://www.slf4j.org/codes.html#StaticLoggerBinder for further details.
]]></system-err>
</testsuite>
